<?xml version="1.0" encoding="UTF-8"?>
<testng-results ignored="0" total="1" passed="1" failed="0" skipped="0">
  <reporter-output>
  </reporter-output>
  <suite started-at="2023-04-22T21:35:07 IST" name="Default suite" finished-at="2023-04-22T21:35:20 IST" duration-ms="12495">
    <groups>
    </groups>
    <test started-at="2023-04-22T21:35:07 IST" name="Default test" finished-at="2023-04-22T21:35:20 IST" duration-ms="12495">
      <class name="TestNgBasics">
        <test-method is-config="true" signature="setUp()[pri:0, instance:TestNgBasics@14d3bc22]" started-at="2023-04-22T21:35:07 IST" name="setUp" finished-at="2023-04-22T21:35:13 IST" duration-ms="6009" status="PASS">
          <reporter-output>
          </reporter-output>
        </test-method> <!-- setUp -->
        <test-method signature="TitleTest()[pri:1, instance:TestNgBasics@14d3bc22]" started-at="2023-04-22T21:35:13 IST" name="TitleTest" finished-at="2023-04-22T21:35:20 IST" duration-ms="6339" status="PASS">
          <reporter-output>
          </reporter-output>
        </test-method> <!-- TitleTest -->
        <test-method is-config="true" signature="tearDown()[pri:0, instance:TestNgBasics@14d3bc22]" started-at="2023-04-22T21:35:20 IST" name="tearDown" finished-at="2023-04-22T21:35:20 IST" duration-ms="116" status="PASS">
          <reporter-output>
          </reporter-output>
        </test-method> <!-- tearDown -->
      </class> <!-- TestNgBasics -->
    </test> <!-- Default test -->
  </suite> <!-- Default suite -->
</testng-results>
